Using pre-set license
Built from '6000.1/staging' branch; Version is '6000.1.9f1 (ed7b183fd33d) revision 15563544'; Using compiler version '194234433'; Build Type 'Release'
OS: 'Windows 11  (10.0.26200) 64bit Core' Language: 'ko' Physical Memory: 14020 MB
BatchMode: 1, IsHumanControllingUs: 0, StartBugReporterOnCrash: 0, Is64bit: 1, IsPro: 1
Date: 2025-12-11T05:08:31Z

COMMAND LINE ARGUMENTS:
C:\Program Files\Unity\Hub\Editor\6000.1.9f1\Editor\Unity.exe
-adb2
-batchMode
-noUpm
-name
AssetImportWorker0
-projectPath
C:/Users/hokon/Undervein
-logFile
Logs/AssetImportWorker0.log
-srvPort
62543
-job-worker-count
5
-background-job-worker-count
8
-gc-helper-count
1
-name
AssetImport
Successfully changed project path to: C:/Users/hokon/Undervein
C:/Users/hokon/Undervein
[UnityMemory] Configuration Parameters - Can be set up in boot.config
    "memorysetup-allocator-temp-initial-block-size-main=262144"
    "memorysetup-allocator-temp-initial-block-size-worker=262144"
    "memorysetup-bucket-allocator-granularity=16"
    "memorysetup-bucket-allocator-bucket-count=8"
    "memorysetup-bucket-allocator-block-size=33554432"
    "memorysetup-bucket-allocator-block-count=8"
    "memorysetup-main-allocator-block-size=16777216"
    "memorysetup-thread-allocator-block-size=16777216"
    "memorysetup-gfx-main-allocator-block-size=16777216"
    "memorysetup-gfx-thread-allocator-block-size=16777216"
    "memorysetup-cache-allocator-block-size=4194304"
    "memorysetup-typetree-allocator-block-size=2097152"
    "memorysetup-profiler-bucket-allocator-granularity=16"
    "memorysetup-profiler-bucket-allocator-bucket-count=8"
    "memorysetup-profiler-bucket-allocator-block-size=33554432"
    "memorysetup-profiler-bucket-allocator-block-count=8"
    "memorysetup-profiler-allocator-block-size=16777216"
    "memorysetup-profiler-editor-allocator-block-size=1048576"
    "memorysetup-temp-allocator-size-main=16777216"
    "memorysetup-job-temp-allocator-block-size=2097152"
    "memorysetup-job-temp-allocator-block-size-background=1048576"
    "memorysetup-job-temp-allocator-reduction-small-platforms=262144"
    "memorysetup-temp-allocator-size-background-worker=32768"
    "memorysetup-temp-allocator-size-job-worker=262144"
    "memorysetup-temp-allocator-size-preload-manager=33554432"
    "memorysetup-temp-allocator-size-nav-mesh-worker=65536"
    "memorysetup-temp-allocator-size-audio-worker=65536"
    "memorysetup-temp-allocator-size-cloud-worker=32768"
    "memorysetup-temp-allocator-size-gi-baking-worker=262144"
    "memorysetup-temp-allocator-size-gi-baking-worker=262144"
    "memorysetup-temp-allocator-size-gi-baking-worker=262144"
    "memorysetup-temp-allocator-size-gi-baking-worker=262144"
    "memorysetup-temp-allocator-size-gi-baking-worker=262144"
    "memorysetup-temp-allocator-size-gfx=262144"
Player connection [30928]  Target information:

Player connection [30928]  * "[IP] 192.168.45.85 [Port] 0 [Flags] 2 [Guid] 4240044592 [EditorId] 4240044592 [Version] 1048832 [Id] WindowsEditor(7,Jinniebook) [Debug] 1 [PackageName] WindowsEditor [ProjectName] Editor" 

Player connection [30928] Host joined multi-casting on [225.0.0.222:54997]...
Player connection [30928] Host joined alternative multi-casting on [225.0.0.222:34997]...
JobSystem: Creating JobQueue using job-worker-count value 5
Input System module state changed to: Initialized.
[Physics::Module] Initialized fallback backend.
[Physics::Module] Id: 0xdecafbad
Library Redirect Path: Library/
[Physics::Module] Selected backend.
[Physics::Module] Name: PhysX
[Physics::Module] Id: 0xf2b8ea05
[Physics::Module] SDK Version: 4.1.2
[Physics::Module] Integration Version: 1.0.0
[Physics::Module] Threading Mode: Multi-Threaded
Refreshing native plugins compatible for Editor in 7.53 ms, found 3 plugins.
Preloading 0 native plugins for Editor in 0.00 ms.
Initialize engine version: 6000.1.9f1 (ed7b183fd33d)
[Subsystems] Discovering subsystems at path C:/Program Files/Unity/Hub/Editor/6000.1.9f1/Editor/Data/Resources/UnitySubsystems
[Subsystems] Discovering subsystems at path C:/Users/hokon/Undervein/Assets
GfxDevice: creating device client; kGfxThreadingModeNonThreaded
Direct3D:
    Version:         Direct3D 12 [level 12.1]
    Renderer:        NVIDIA GeForce RTX 3060 Laptop GPU (ID=0x2560)
    Vendor:          NVIDIA
    VRAM:            5996 MB
    App VRAM Budget: 5228 MB
    Driver:          32.0.15.6590
Initialize mono
Mono path[0] = 'C:/Program Files/Unity/Hub/Editor/6000.1.9f1/Editor/Data/Managed'
Mono path[1] = 'C:/Program Files/Unity/Hub/Editor/6000.1.9f1/Editor/Data/MonoBleedingEdge/lib/mono/unityjit-win32'
Mono config path = 'C:/Program Files/Unity/Hub/Editor/6000.1.9f1/Editor/Data/MonoBleedingEdge/etc'
Using monoOptions --debugger-agent=transport=dt_socket,embedding=1,server=y,suspend=n,address=127.0.0.1:56780
Begin MonoManager ReloadAssembly
Registering precompiled unity dll's ...
Register platform support module: C:/Program Files/Unity/Hub/Editor/6000.1.9f1/Editor/Data/PlaybackEngines/WebGLSupport/UnityEditor.WebGL.Extensions.dll
Register platform support module: C:/Program Files/Unity/Hub/Editor/6000.1.9f1/Editor/Data/PlaybackEngines/WindowsStandaloneSupport/UnityEditor.WindowsStandalone.Extensions.dll
Registered in 0.007911 seconds.
- Loaded All Assemblies, in  0.735 seconds
Native extension for WindowsStandalone target not found
Native extension for WebGL target not found
Mono: successfully reloaded assembly
- Finished resetting the current domain, in  0.545 seconds
Domain Reload Profiling: 1269ms
	BeginReloadAssembly (270ms)
		ExecutionOrderSort (0ms)
		DisableScriptedObjects (0ms)
		BackupInstance (0ms)
		ReleaseScriptingObjects (0ms)
		CreateAndSetChildDomain (1ms)
	RebuildCommonClasses (67ms)
	RebuildNativeTypeToScriptingClass (21ms)
	initialDomainReloadingComplete (92ms)
	LoadAllAssembliesAndSetupDomain (273ms)
		LoadAssemblies (262ms)
		RebuildTransferFunctionScriptingTraits (0ms)
		AnalyzeDomain (267ms)
			TypeCache.Refresh (264ms)
				TypeCache.ScanAssembly (243ms)
			BuildScriptInfoCaches (0ms)
			ResolveRequiredComponents (1ms)
	FinalizeReload (546ms)
		ReleaseScriptCaches (0ms)
		RebuildScriptCaches (0ms)
		SetupLoadedEditorAssemblies (476ms)
			LogAssemblyErrors (0ms)
			InitializePlatformSupportModulesInManaged (89ms)
			SetLoadedEditorAssemblies (11ms)
			BeforeProcessingInitializeOnLoad (91ms)
			ProcessInitializeOnLoadAttributes (194ms)
			ProcessInitializeOnLoadMethodAttributes (91ms)
			AfterProcessingInitializeOnLoad (0ms)
			EditorAssembliesLoaded (0ms)
		ExecutionOrderSort2 (0ms)
		AwakeInstancesAfterBackupRestoration (0ms)
========================================================================
Worker process is ready to serve import requests
Import Worker Mode flag is 0x00
Begin MonoManager ReloadAssembly
- Loaded All Assemblies, in  1.559 seconds
Refreshing native plugins compatible for Editor in 2.41 ms, found 3 plugins.
Native extension for WindowsStandalone target not found
Native extension for WebGL target not found
Mono: successfully reloaded assembly
- Finished resetting the current domain, in  1.373 seconds
Domain Reload Profiling: 2903ms
	BeginReloadAssembly (351ms)
		ExecutionOrderSort (0ms)
		DisableScriptedObjects (12ms)
		BackupInstance (0ms)
		ReleaseScriptingObjects (0ms)
		CreateAndSetChildDomain (59ms)
	RebuildCommonClasses (61ms)
	RebuildNativeTypeToScriptingClass (15ms)
	initialDomainReloadingComplete (79ms)
	LoadAllAssembliesAndSetupDomain (1024ms)
		LoadAssemblies (863ms)
		RebuildTransferFunctionScriptingTraits (0ms)
		AnalyzeDomain (368ms)
			TypeCache.Refresh (279ms)
				TypeCache.ScanAssembly (251ms)
			BuildScriptInfoCaches (69ms)
			ResolveRequiredComponents (15ms)
	FinalizeReload (1374ms)
		ReleaseScriptCaches (0ms)
		RebuildScriptCaches (0ms)
		SetupLoadedEditorAssemblies (1062ms)
			LogAssemblyErrors (0ms)
			InitializePlatformSupportModulesInManaged (4ms)
			SetLoadedEditorAssemblies (8ms)
			BeforeProcessingInitializeOnLoad (332ms)
			ProcessInitializeOnLoadAttributes (616ms)
			ProcessInitializeOnLoadMethodAttributes (83ms)
			AfterProcessingInitializeOnLoad (18ms)
			EditorAssembliesLoaded (0ms)
		ExecutionOrderSort2 (0ms)
		AwakeInstancesAfterBackupRestoration (18ms)
Launched and connected shader compiler UnityShaderCompiler.exe after 0.03 seconds
Refreshing native plugins compatible for Editor in 4.38 ms, found 3 plugins.
Preloading 0 native plugins for Editor in 0.00 ms.
Unloading 256 Unused Serialized files (Serialized files now loaded: 0)
Unloading 6160 unused Assets / (6.9 MB). Loaded Objects now: 6895.
Memory consumption went from 179.7 MB to 172.8 MB.
Total: 18.300300 ms (FindLiveObjects: 1.493000 ms CreateObjectMapping: 1.284200 ms MarkObjects: 9.526300 ms  DeleteObjects: 5.995500 ms)

========================================================================
Received Import Request.
  Time since last request: 267277.352758 seconds.
  path: Assets/Resources_UI/Inventory_Images/Items/b_t_01.png
  artifactKey: Guid(5d7061fc7da05ce44add317708ec7215) Importer(815301076,1909f56bfc062723c751e8b465ee728b)
Start importing Assets/Resources_UI/Inventory_Images/Items/b_t_01.png using Guid(5d7061fc7da05ce44add317708ec7215) Importer(815301076,1909f56bfc062723c751e8b465ee728b) (PreviewImporter) -> (artifact id: '217cfc53602389b35de9ae9b474631cb') in 0.1732836 seconds
Number of updated asset objects reloaded before import = 0Number of asset objects unloaded after import = 3

========================================================================
Received Import Request.
  Time since last request: 0.000040 seconds.
  path: Assets/Resources_UI/Inventory_Images/Items/book.PNG
  artifactKey: Guid(ae496f5dad56ea645b72d374a0376368) Importer(815301076,1909f56bfc062723c751e8b465ee728b)
Start importing Assets/Resources_UI/Inventory_Images/Items/book.PNG using Guid(ae496f5dad56ea645b72d374a0376368) Importer(815301076,1909f56bfc062723c751e8b465ee728b) (PreviewImporter) -> (artifact id: '7c632b0e806560fb8c0561a41771eeaf') in 0.0564226 seconds
Number of updated asset objects reloaded before import = 0Number of asset objects unloaded after import = 3

========================================================================
Received Import Request.
  Time since last request: 0.000046 seconds.
  path: Assets/Resources_UI/Inventory_Images/Eq_SlotBG/body-armor.png
  artifactKey: Guid(0997b222910af594bafac8b6e15211f0) Importer(815301076,1909f56bfc062723c751e8b465ee728b)
Start importing Assets/Resources_UI/Inventory_Images/Eq_SlotBG/body-armor.png using Guid(0997b222910af594bafac8b6e15211f0) Importer(815301076,1909f56bfc062723c751e8b465ee728b) (PreviewImporter) -> (artifact id: '819e0735921bdee1bd5ee9a08ed062ea') in 0.0391303 seconds
Number of updated asset objects reloaded before import = 0Number of asset objects unloaded after import = 3

========================================================================
Received Import Request.
  Time since last request: 0.000019 seconds.
  path: Assets/Resources_UI/Inventory_Images/Items/bracers.PNG
  artifactKey: Guid(70a77abda853dd941a0c8debf1de9b04) Importer(815301076,1909f56bfc062723c751e8b465ee728b)
Start importing Assets/Resources_UI/Inventory_Images/Items/bracers.PNG using Guid(70a77abda853dd941a0c8debf1de9b04) Importer(815301076,1909f56bfc062723c751e8b465ee728b) (PreviewImporter) -> (artifact id: 'f59a6af45b0640ee5268a1ede949f55a') in 0.0630922 seconds
Number of updated asset objects reloaded before import = 0Number of asset objects unloaded after import = 3

========================================================================
Received Import Request.
  Time since last request: 0.000026 seconds.
  path: Assets/Resources_UI/Inventory_Images/Items/mana.png
  artifactKey: Guid(6592b916f86b19e428db6f6847c7b6dd) Importer(815301076,1909f56bfc062723c751e8b465ee728b)
Start importing Assets/Resources_UI/Inventory_Images/Items/mana.png using Guid(6592b916f86b19e428db6f6847c7b6dd) Importer(815301076,1909f56bfc062723c751e8b465ee728b) (PreviewImporter) -> (artifact id: '61bc90f26307c65f4c7b81f25742f797') in 0.039734 seconds
Number of updated asset objects reloaded before import = 0Number of asset objects unloaded after import = 3

========================================================================
Received Import Request.
  Time since last request: 0.000040 seconds.
  path: Assets/Resources_UI/Inventory_Images/Eq_SlotBG/weapon2.png
  artifactKey: Guid(69bf66106e4984442a5d6c6f09b17372) Importer(815301076,1909f56bfc062723c751e8b465ee728b)
Start importing Assets/Resources_UI/Inventory_Images/Eq_SlotBG/weapon2.png using Guid(69bf66106e4984442a5d6c6f09b17372) Importer(815301076,1909f56bfc062723c751e8b465ee728b) (PreviewImporter) -> (artifact id: 'e21407f1a4dff19c0c03212c94c1c95e') in 0.0429192 seconds
Number of updated asset objects reloaded before import = 0Number of asset objects unloaded after import = 3

========================================================================
Received Import Request.
  Time since last request: 0.000025 seconds.
  path: Assets/Resources_UI/Inventory_Images/Items/helmet.png
  artifactKey: Guid(fd6e4fc32c78509458fc45ea4a478ba8) Importer(815301076,1909f56bfc062723c751e8b465ee728b)
Start importing Assets/Resources_UI/Inventory_Images/Items/helmet.png using Guid(fd6e4fc32c78509458fc45ea4a478ba8) Importer(815301076,1909f56bfc062723c751e8b465ee728b) (PreviewImporter) -> (artifact id: '585e96babd94bc002fe93eaff6935894') in 0.0351945 seconds
Number of updated asset objects reloaded before import = 0Number of asset objects unloaded after import = 3

========================================================================
Received Import Request.
  Time since last request: 0.000026 seconds.
  path: Assets/Resources_UI/Inventory_Images/Items/coins.png
  artifactKey: Guid(3676a0b185daeb54fb257f700ba7ead4) Importer(815301076,1909f56bfc062723c751e8b465ee728b)
Start importing Assets/Resources_UI/Inventory_Images/Items/coins.png using Guid(3676a0b185daeb54fb257f700ba7ead4) Importer(815301076,1909f56bfc062723c751e8b465ee728b) (PreviewImporter) -> (artifact id: 'b01145b01f3d4d70667bd5840df40b9d') in 0.0377849 seconds
Number of updated asset objects reloaded before import = 0Number of asset objects unloaded after import = 3

========================================================================
Received Import Request.
  Time since last request: 0.000039 seconds.
  path: Assets/Resources_UI/Inventory_Images/Icons/icon_coin.png
  artifactKey: Guid(3b274db5149cdd44284918e47cf7c34d) Importer(815301076,1909f56bfc062723c751e8b465ee728b)
Start importing Assets/Resources_UI/Inventory_Images/Icons/icon_coin.png using Guid(3b274db5149cdd44284918e47cf7c34d) Importer(815301076,1909f56bfc062723c751e8b465ee728b) (PreviewImporter) -> (artifact id: '1342abb72ef16996f72c6e7ecb225f20') in 0.0341437 seconds
Number of updated asset objects reloaded before import = 0Number of asset objects unloaded after import = 3

========================================================================
Received Import Request.
  Time since last request: 0.000026 seconds.
  path: Assets/Resources_UI/Inventory_Images/Icons/icon_clear.png
  artifactKey: Guid(199fb53b14b16474cbcbceb188837332) Importer(815301076,1909f56bfc062723c751e8b465ee728b)
Start importing Assets/Resources_UI/Inventory_Images/Icons/icon_clear.png using Guid(199fb53b14b16474cbcbceb188837332) Importer(815301076,1909f56bfc062723c751e8b465ee728b) (PreviewImporter) -> (artifact id: 'ebd37a8a59229a22c4d731a84afc409d') in 0.033054 seconds
Number of updated asset objects reloaded before import = 0Number of asset objects unloaded after import = 3

========================================================================
Received Import Request.
  Time since last request: 0.000027 seconds.
  path: Assets/Resources_UI/Inventory_Images/Items/belts.png
  artifactKey: Guid(da09804303305f542a686824630e7269) Importer(815301076,1909f56bfc062723c751e8b465ee728b)
Start importing Assets/Resources_UI/Inventory_Images/Items/belts.png using Guid(da09804303305f542a686824630e7269) Importer(815301076,1909f56bfc062723c751e8b465ee728b) (PreviewImporter) -> (artifact id: '7bc901bd35ff33fbb7c9ceca52040725') in 0.0449952 seconds
Number of updated asset objects reloaded before import = 0Number of asset objects unloaded after import = 3

========================================================================
Received Import Request.
  Time since last request: 0.000042 seconds.
  path: Assets/Resources_UI/Inventory_Images/Items/ring.PNG
  artifactKey: Guid(970324311431c794ca338446ea889948) Importer(815301076,1909f56bfc062723c751e8b465ee728b)
Start importing Assets/Resources_UI/Inventory_Images/Items/ring.PNG using Guid(970324311431c794ca338446ea889948) Importer(815301076,1909f56bfc062723c751e8b465ee728b) (PreviewImporter) -> (artifact id: 'a75ea04bdcfa8b3c2cba83665cbacec7') in 0.0551494 seconds
Number of updated asset objects reloaded before import = 0Number of asset objects unloaded after import = 3

========================================================================
Received Import Request.
  Time since last request: 0.000019 seconds.
  path: Assets/Resources_UI/Inventory_Images/Items/Meat.png
  artifactKey: Guid(4a39cb4b272639541b7bd5ac0649acf7) Importer(815301076,1909f56bfc062723c751e8b465ee728b)
Start importing Assets/Resources_UI/Inventory_Images/Items/Meat.png using Guid(4a39cb4b272639541b7bd5ac0649acf7) Importer(815301076,1909f56bfc062723c751e8b465ee728b) (PreviewImporter) -> (artifact id: 'de86e839b6d353918d760175f565091b') in 0.0352228 seconds
Number of updated asset objects reloaded before import = 0Number of asset objects unloaded after import = 3

========================================================================
Received Import Request.
  Time since last request: 0.000023 seconds.
  path: Assets/Resources_UI/Inventory_Images/Items/wood.png
  artifactKey: Guid(65c59ccc59b5690458cb9e5324edc5dc) Importer(815301076,1909f56bfc062723c751e8b465ee728b)
Start importing Assets/Resources_UI/Inventory_Images/Items/wood.png using Guid(65c59ccc59b5690458cb9e5324edc5dc) Importer(815301076,1909f56bfc062723c751e8b465ee728b) (PreviewImporter) -> (artifact id: 'a1d8c3596b4eae6f418934c606d33fbd') in 0.035899 seconds
Number of updated asset objects reloaded before import = 0Number of asset objects unloaded after import = 3

========================================================================
Received Import Request.
  Time since last request: 0.000029 seconds.
  path: Assets/Resources_UI/Inventory_Images/Icons/icon_piggy.png
  artifactKey: Guid(6171f6a3d0934b8489c25cabf966723b) Importer(815301076,1909f56bfc062723c751e8b465ee728b)
Start importing Assets/Resources_UI/Inventory_Images/Icons/icon_piggy.png using Guid(6171f6a3d0934b8489c25cabf966723b) Importer(815301076,1909f56bfc062723c751e8b465ee728b) (PreviewImporter) -> (artifact id: 'ba85144ab132c900a323c3128965d71e') in 0.0334347 seconds
Number of updated asset objects reloaded before import = 0Number of asset objects unloaded after import = 3

========================================================================
Received Import Request.
  Time since last request: 0.000042 seconds.
  path: Assets/Resources_UI/Inventory_Images/Items/armor.png
  artifactKey: Guid(2f1eaeeaad36ee5469eff7ff158f37ba) Importer(815301076,1909f56bfc062723c751e8b465ee728b)
Start importing Assets/Resources_UI/Inventory_Images/Items/armor.png using Guid(2f1eaeeaad36ee5469eff7ff158f37ba) Importer(815301076,1909f56bfc062723c751e8b465ee728b) (PreviewImporter) -> (artifact id: '50f4d74abfdf4990b665a36b986636be') in 0.0368376 seconds
Number of updated asset objects reloaded before import = 0Number of asset objects unloaded after import = 3

========================================================================
Received Import Request.
  Time since last request: 0.000028 seconds.
  path: Assets/Resources_UI/Inventory_Images/Items/potion.png
  artifactKey: Guid(e52ea25af699fd445b7046374f81a5b9) Importer(815301076,1909f56bfc062723c751e8b465ee728b)
Start importing Assets/Resources_UI/Inventory_Images/Items/potion.png using Guid(e52ea25af699fd445b7046374f81a5b9) Importer(815301076,1909f56bfc062723c751e8b465ee728b) (PreviewImporter) -> (artifact id: '41779ce46f9d7e79383c49b620e7d725') in 0.0386658 seconds
Number of updated asset objects reloaded before import = 0Number of asset objects unloaded after import = 3

========================================================================
Received Import Request.
  Time since last request: 0.000038 seconds.
  path: Assets/Resources_UI/Inventory_Images/Items/sword.png
  artifactKey: Guid(5fd50594014b70e48bd6993443d46b32) Importer(815301076,1909f56bfc062723c751e8b465ee728b)
Start importing Assets/Resources_UI/Inventory_Images/Items/sword.png using Guid(5fd50594014b70e48bd6993443d46b32) Importer(815301076,1909f56bfc062723c751e8b465ee728b) (PreviewImporter) -> (artifact id: 'c2f47eca8a5ebcf11aa4ad008dea69a2') in 0.0387282 seconds
Number of updated asset objects reloaded before import = 0Number of asset objects unloaded after import = 3

========================================================================
Received Import Request.
  Time since last request: 0.000027 seconds.
  path: Assets/Resources_Character/UI/Skill_Icons/skill_icon_02.png
  artifactKey: Guid(cfd09120681b826408735ada50edd2f9) Importer(815301076,1909f56bfc062723c751e8b465ee728b)
Start importing Assets/Resources_Character/UI/Skill_Icons/skill_icon_02.png using Guid(cfd09120681b826408735ada50edd2f9) Importer(815301076,1909f56bfc062723c751e8b465ee728b) (PreviewImporter) -> (artifact id: '12d68c492581d214dadf05a0195df01f') in 0.03481 seconds
Number of updated asset objects reloaded before import = 0Number of asset objects unloaded after import = 3

========================================================================
Received Import Request.
  Time since last request: 0.000030 seconds.
  path: Assets/Resources_Character/UI/Skill_Icons/skill_icon_03.png
  artifactKey: Guid(b9e48fbcbf5d14f43a9085d73d3b5416) Importer(815301076,1909f56bfc062723c751e8b465ee728b)
Start importing Assets/Resources_Character/UI/Skill_Icons/skill_icon_03.png using Guid(b9e48fbcbf5d14f43a9085d73d3b5416) Importer(815301076,1909f56bfc062723c751e8b465ee728b) (PreviewImporter) -> (artifact id: '4104acec5b288c80bd9f7b6ad9f2b891') in 0.036444 seconds
Number of updated asset objects reloaded before import = 0Number of asset objects unloaded after import = 3

========================================================================
Received Import Request.
  Time since last request: 2.241396 seconds.
  path: Assets/Resources_Character/UI/Inventory_Images/backgrounds/bg-window.png
  artifactKey: Guid(d6040334149cbee448d385e1b8e9cfe5) Importer(815301076,1909f56bfc062723c751e8b465ee728b)
Start importing Assets/Resources_Character/UI/Inventory_Images/backgrounds/bg-window.png using Guid(d6040334149cbee448d385e1b8e9cfe5) Importer(815301076,1909f56bfc062723c751e8b465ee728b) (PreviewImporter) -> (artifact id: 'fe123a645d74b42f884c603309d39a18') in 0.0394399 seconds
Number of updated asset objects reloaded before import = 0Number of asset objects unloaded after import = 3

========================================================================
Received Import Request.
  Time since last request: 0.000029 seconds.
  path: Assets/Resources_Character/UI/Inventory_Images/backgrounds/grunge-yellow-64-64.png
  artifactKey: Guid(8450c274ecdc583468ec6a74a3c1aa36) Importer(815301076,1909f56bfc062723c751e8b465ee728b)
Start importing Assets/Resources_Character/UI/Inventory_Images/backgrounds/grunge-yellow-64-64.png using Guid(8450c274ecdc583468ec6a74a3c1aa36) Importer(815301076,1909f56bfc062723c751e8b465ee728b) (PreviewImporter) -> (artifact id: 'e3b9858e4c4c46c4c372366be9846778') in 0.0351737 seconds
Number of updated asset objects reloaded before import = 0Number of asset objects unloaded after import = 3

========================================================================
Received Import Request.
  Time since last request: 1.031503 seconds.
  path: Assets/Resources_Character/UI/Inventory_Images/Eq_SlotBG/boots.png
  artifactKey: Guid(39fb6acb016051a43b447c5344afd7d7) Importer(815301076,1909f56bfc062723c751e8b465ee728b)
Start importing Assets/Resources_Character/UI/Inventory_Images/Eq_SlotBG/boots.png using Guid(39fb6acb016051a43b447c5344afd7d7) Importer(815301076,1909f56bfc062723c751e8b465ee728b) (PreviewImporter) -> (artifact id: '83922af869f8380a2ede8f2ee6410c38') in 0.0566786 seconds
Number of updated asset objects reloaded before import = 0Number of asset objects unloaded after import = 3

========================================================================
Received Import Request.
  Time since last request: 0.000034 seconds.
  path: Assets/Resources_Character/UI/Inventory_Images/Eq_SlotBG/pants.png
  artifactKey: Guid(0b32e2c22d979534e91f68cf4df689ef) Importer(815301076,1909f56bfc062723c751e8b465ee728b)
Start importing Assets/Resources_Character/UI/Inventory_Images/Eq_SlotBG/pants.png using Guid(0b32e2c22d979534e91f68cf4df689ef) Importer(815301076,1909f56bfc062723c751e8b465ee728b) (PreviewImporter) -> (artifact id: '32e89bd3352a3c9cbda4010e4e7904f1') in 0.0418487 seconds
Number of updated asset objects reloaded before import = 0Number of asset objects unloaded after import = 3

========================================================================
Received Import Request.
  Time since last request: 0.468301 seconds.
  path: Assets/Resources_Character/UI/Inventory_Images/Icons/icon-trash-can.png
  artifactKey: Guid(8e8a3bdbb37ab09419a5c93cb624c2d6) Importer(815301076,1909f56bfc062723c751e8b465ee728b)
Start importing Assets/Resources_Character/UI/Inventory_Images/Icons/icon-trash-can.png using Guid(8e8a3bdbb37ab09419a5c93cb624c2d6) Importer(815301076,1909f56bfc062723c751e8b465ee728b) (PreviewImporter) -> (artifact id: '6c821e4b6808b7fcfea1e2caf215fbc5') in 0.0371805 seconds
Number of updated asset objects reloaded before import = 0Number of asset objects unloaded after import = 3

========================================================================
Received Import Request.
  Time since last request: 0.000025 seconds.
  path: Assets/Resources_Character/UI/Inventory_Images/Icons/icon_coins.png
  artifactKey: Guid(07ad1f2a71d29174cad2df3867c94486) Importer(815301076,1909f56bfc062723c751e8b465ee728b)
Start importing Assets/Resources_Character/UI/Inventory_Images/Icons/icon_coins.png using Guid(07ad1f2a71d29174cad2df3867c94486) Importer(815301076,1909f56bfc062723c751e8b465ee728b) (PreviewImporter) -> (artifact id: 'fe3ca3759408d43ba5430fe42ab47f83') in 0.0219578 seconds
Number of updated asset objects reloaded before import = 0Number of asset objects unloaded after import = 3

========================================================================
Received Import Request.
  Time since last request: 0.000045 seconds.
  path: Assets/Resources_Character/UI/Inventory_Images/Icons/icon_coin.png
  artifactKey: Guid(c23d03571676fcf4f99dd78387a7f844) Importer(815301076,1909f56bfc062723c751e8b465ee728b)
Start importing Assets/Resources_Character/UI/Inventory_Images/Icons/icon_coin.png using Guid(c23d03571676fcf4f99dd78387a7f844) Importer(815301076,1909f56bfc062723c751e8b465ee728b) (PreviewImporter) -> (artifact id: 'b1ff7cc7dcd259f8f45beb6438863fe9') in 0.0199992 seconds
Number of updated asset objects reloaded before import = 0Number of asset objects unloaded after import = 3

========================================================================
Received Import Request.
  Time since last request: 0.394243 seconds.
  path: Assets/Resources_Character/UI/Inventory_Images/Items/armor.png
  artifactKey: Guid(217f2e479557b9d45afb998ca74fe17d) Importer(815301076,1909f56bfc062723c751e8b465ee728b)
Start importing Assets/Resources_Character/UI/Inventory_Images/Items/armor.png using Guid(217f2e479557b9d45afb998ca74fe17d) Importer(815301076,1909f56bfc062723c751e8b465ee728b) (PreviewImporter) -> (artifact id: '5706616ac806f4af2066ab2ce384c383') in 0.040098 seconds
Number of updated asset objects reloaded before import = 0Number of asset objects unloaded after import = 3

========================================================================
Received Import Request.
  Time since last request: 0.000031 seconds.
  path: Assets/Resources_Character/UI/Inventory_Images/Items/f.PNG
  artifactKey: Guid(9b7a0ab505b641d4cb407bf1d7b6bffd) Importer(815301076,1909f56bfc062723c751e8b465ee728b)
Start importing Assets/Resources_Character/UI/Inventory_Images/Items/f.PNG using Guid(9b7a0ab505b641d4cb407bf1d7b6bffd) Importer(815301076,1909f56bfc062723c751e8b465ee728b) (PreviewImporter) -> (artifact id: '90a9dcd9c347c797999fa5cdff95eebf') in 0.0360723 seconds
Number of updated asset objects reloaded before import = 0Number of asset objects unloaded after import = 3

========================================================================
Received Import Request.
  Time since last request: 0.000031 seconds.
  path: Assets/Resources_Character/UI/Inventory_Images/Items/gem.png
  artifactKey: Guid(c7eecbdf478515b4d9b925e485bf2df2) Importer(815301076,1909f56bfc062723c751e8b465ee728b)
Start importing Assets/Resources_Character/UI/Inventory_Images/Items/gem.png using Guid(c7eecbdf478515b4d9b925e485bf2df2) Importer(815301076,1909f56bfc062723c751e8b465ee728b) (PreviewImporter) -> (artifact id: '448d201ed153425490dcbc8ebdf89d2b') in 0.0360243 seconds
Number of updated asset objects reloaded before import = 0Number of asset objects unloaded after import = 3

========================================================================
Received Import Request.
  Time since last request: 0.000025 seconds.
  path: Assets/Resources_Character/UI/Inventory_Images/Items/sword-blue.png
  artifactKey: Guid(cfdac686feeb8f5479db82d4f290f14c) Importer(815301076,1909f56bfc062723c751e8b465ee728b)
Start importing Assets/Resources_Character/UI/Inventory_Images/Items/sword-blue.png using Guid(cfdac686feeb8f5479db82d4f290f14c) Importer(815301076,1909f56bfc062723c751e8b465ee728b) (PreviewImporter) -> (artifact id: '9c5395c905cf4eb34ba5d39e8e97bbe8') in 0.0368285 seconds
Number of updated asset objects reloaded before import = 0Number of asset objects unloaded after import = 3

========================================================================
Received Import Request.
  Time since last request: 0.000034 seconds.
  path: Assets/Resources_Character/UI/Inventory_Images/Items/cloak.png
  artifactKey: Guid(a5f998ca5f58b6e4f8cfb6fe0cd86c18) Importer(815301076,1909f56bfc062723c751e8b465ee728b)
Start importing Assets/Resources_Character/UI/Inventory_Images/Items/cloak.png using Guid(a5f998ca5f58b6e4f8cfb6fe0cd86c18) Importer(815301076,1909f56bfc062723c751e8b465ee728b) (PreviewImporter) -> (artifact id: '74e3efd3f1169dfc1e0089e71cec3a4f') in 0.0351347 seconds
Number of updated asset objects reloaded before import = 0Number of asset objects unloaded after import = 3

========================================================================
Received Import Request.
  Time since last request: 0.000038 seconds.
  path: Assets/Resources_Character/UI/Inventory_Images/Items/bag.png
  artifactKey: Guid(e24685026c45e514fa2a65ea1fc19ebf) Importer(815301076,1909f56bfc062723c751e8b465ee728b)
Start importing Assets/Resources_Character/UI/Inventory_Images/Items/bag.png using Guid(e24685026c45e514fa2a65ea1fc19ebf) Importer(815301076,1909f56bfc062723c751e8b465ee728b) (PreviewImporter) -> (artifact id: '9ba4f3b9d2496d80479b99066d3e5463') in 0.0387397 seconds
Number of updated asset objects reloaded before import = 0Number of asset objects unloaded after import = 3

========================================================================
Received Import Request.
  Time since last request: 0.000026 seconds.
  path: Assets/Resources_Character/UI/Inventory_Images/Items/coins.png
  artifactKey: Guid(9a4f3771cb6aa5045b18ea08e627da89) Importer(815301076,1909f56bfc062723c751e8b465ee728b)
Start importing Assets/Resources_Character/UI/Inventory_Images/Items/coins.png using Guid(9a4f3771cb6aa5045b18ea08e627da89) Importer(815301076,1909f56bfc062723c751e8b465ee728b) (PreviewImporter) -> (artifact id: '4186de1b69928835d7a1a460ab2ee7f8') in 0.0337299 seconds
Number of updated asset objects reloaded before import = 0Number of asset objects unloaded after import = 3

========================================================================
Received Import Request.
  Time since last request: 0.000025 seconds.
  path: Assets/Resources_Character/UI/Inventory_Images/Items/b_t_01.png
  artifactKey: Guid(3bc9b0a4e6d379c4bb4ee6eac9a03fd8) Importer(815301076,1909f56bfc062723c751e8b465ee728b)
Start importing Assets/Resources_Character/UI/Inventory_Images/Items/b_t_01.png using Guid(3bc9b0a4e6d379c4bb4ee6eac9a03fd8) Importer(815301076,1909f56bfc062723c751e8b465ee728b) (PreviewImporter) -> (artifact id: '37c0ee597704cbfa5aa3f3a367cdf369') in 0.0383421 seconds
Number of updated asset objects reloaded before import = 0Number of asset objects unloaded after import = 3

========================================================================
Received Import Request.
  Time since last request: 0.000031 seconds.
  path: Assets/Resources_Character/UI/Inventory_Images/Items/scroll.png
  artifactKey: Guid(358328457adad884385a0cec5f5a7582) Importer(815301076,1909f56bfc062723c751e8b465ee728b)
Start importing Assets/Resources_Character/UI/Inventory_Images/Items/scroll.png using Guid(358328457adad884385a0cec5f5a7582) Importer(815301076,1909f56bfc062723c751e8b465ee728b) (PreviewImporter) -> (artifact id: '20cb3fc34105d211a5885ea16dd1733c') in 0.0368991 seconds
Number of updated asset objects reloaded before import = 0Number of asset objects unloaded after import = 3

========================================================================
Received Import Request.
  Time since last request: 0.000025 seconds.
  path: Assets/Resources_Character/UI/Inventory_Images/Items/mana.png
  artifactKey: Guid(5158d7f5020b41c4782a34c9ebd7a8c8) Importer(815301076,1909f56bfc062723c751e8b465ee728b)
Start importing Assets/Resources_Character/UI/Inventory_Images/Items/mana.png using Guid(5158d7f5020b41c4782a34c9ebd7a8c8) Importer(815301076,1909f56bfc062723c751e8b465ee728b) (PreviewImporter) -> (artifact id: '9f1488c05c9b2194d39ab1f47b4c1459') in 0.0435116 seconds
Number of updated asset objects reloaded before import = 0Number of asset objects unloaded after import = 3

========================================================================
Received Import Request.
  Time since last request: 0.000026 seconds.
  path: Assets/Resources_Character/UI/Inventory_Images/Items/unknown.png
  artifactKey: Guid(8e97d9b5558a4c94b8950a34f1bdfb3d) Importer(815301076,1909f56bfc062723c751e8b465ee728b)
Start importing Assets/Resources_Character/UI/Inventory_Images/Items/unknown.png using Guid(8e97d9b5558a4c94b8950a34f1bdfb3d) Importer(815301076,1909f56bfc062723c751e8b465ee728b) (PreviewImporter) -> (artifact id: 'ee888d6cb36f4b831b2e9004fda6202c') in 0.0340072 seconds
Number of updated asset objects reloaded before import = 0Number of asset objects unloaded after import = 3

========================================================================
Received Import Request.
  Time since last request: 5.090258 seconds.
  path: Assets/Resources_Character/UI/Buttons/barmid_ready.png
  artifactKey: Guid(ab7785ee307280540ba584e277244f9a) Importer(815301076,1909f56bfc062723c751e8b465ee728b)
Start importing Assets/Resources_Character/UI/Buttons/barmid_ready.png using Guid(ab7785ee307280540ba584e277244f9a) Importer(815301076,1909f56bfc062723c751e8b465ee728b) (PreviewImporter) -> (artifact id: 'a501d13be305060daa907828a0527d7a') in 0.04569 seconds
Number of updated asset objects reloaded before import = 0Number of asset objects unloaded after import = 3

========================================================================
Received Import Request.
  Time since last request: 0.000024 seconds.
  path: Assets/Resources_Character/UI/Buttons/Frame_big.png
  artifactKey: Guid(082858ed4cb0fc84ba05bb04bc20bbd0) Importer(815301076,1909f56bfc062723c751e8b465ee728b)
Start importing Assets/Resources_Character/UI/Buttons/Frame_big.png using Guid(082858ed4cb0fc84ba05bb04bc20bbd0) Importer(815301076,1909f56bfc062723c751e8b465ee728b) (PreviewImporter) -> (artifact id: 'b32feccdf9193d6160e8c6a86d7161af') in 0.0773782 seconds
Number of updated asset objects reloaded before import = 0Number of asset objects unloaded after import = 3

========================================================================
Received Import Request.
  Time since last request: 0.000031 seconds.
  path: Assets/Resources_Character/UI/Buttons/Frame_mid_2.png
  artifactKey: Guid(8b415d33bf04ef4409e5dbe9e39cb07a) Importer(815301076,1909f56bfc062723c751e8b465ee728b)
Start importing Assets/Resources_Character/UI/Buttons/Frame_mid_2.png using Guid(8b415d33bf04ef4409e5dbe9e39cb07a) Importer(815301076,1909f56bfc062723c751e8b465ee728b) (PreviewImporter) -> (artifact id: '19c1fc3827f1f361bcfdaec56b319ffc') in 0.0383584 seconds
Number of updated asset objects reloaded before import = 0Number of asset objects unloaded after import = 3

========================================================================
Received Import Request.
  Time since last request: 0.000046 seconds.
  path: Assets/Resources_Character/UI/Buttons/button.png
  artifactKey: Guid(0b29b57542a3c7b43b6f6c97c0150208) Importer(815301076,1909f56bfc062723c751e8b465ee728b)
Start importing Assets/Resources_Character/UI/Buttons/button.png using Guid(0b29b57542a3c7b43b6f6c97c0150208) Importer(815301076,1909f56bfc062723c751e8b465ee728b) (PreviewImporter) -> (artifact id: '6febe4cdc9615e169c5ab9bfdf237366') in 0.0390473 seconds
Number of updated asset objects reloaded before import = 0Number of asset objects unloaded after import = 3

========================================================================
Received Import Request.
  Time since last request: 0.000026 seconds.
  path: Assets/Resources_Character/UI/Buttons/warrior_silhouette_woman.png
  artifactKey: Guid(aebf9287686d7b140a4b7bc6046e9d7d) Importer(815301076,1909f56bfc062723c751e8b465ee728b)
Start importing Assets/Resources_Character/UI/Buttons/warrior_silhouette_woman.png using Guid(aebf9287686d7b140a4b7bc6046e9d7d) Importer(815301076,1909f56bfc062723c751e8b465ee728b) (PreviewImporter) -> (artifact id: '91ac2eb8309375f99ee6be4ad58897b2') in 0.0404286 seconds
Number of updated asset objects reloaded before import = 0Number of asset objects unloaded after import = 3

========================================================================
Received Import Request.
  Time since last request: 0.000034 seconds.
  path: Assets/Resources_Character/UI/Buttons/lil_roundframe_ready.png
  artifactKey: Guid(39d48f97db0da9c4082be3f2f5ff2148) Importer(815301076,1909f56bfc062723c751e8b465ee728b)
Start importing Assets/Resources_Character/UI/Buttons/lil_roundframe_ready.png using Guid(39d48f97db0da9c4082be3f2f5ff2148) Importer(815301076,1909f56bfc062723c751e8b465ee728b) (PreviewImporter) -> (artifact id: '1dfdc8df8b43aa5d4b868018df50c6f3') in 0.0414368 seconds
Number of updated asset objects reloaded before import = 0Number of asset objects unloaded after import = 3

========================================================================
Received Import Request.
  Time since last request: 0.000039 seconds.
  path: Assets/Resources_Character/UI/Buttons/name_bar2.png
  artifactKey: Guid(9a76bd76419f5194dbbc665da83dc7aa) Importer(815301076,1909f56bfc062723c751e8b465ee728b)
Start importing Assets/Resources_Character/UI/Buttons/name_bar2.png using Guid(9a76bd76419f5194dbbc665da83dc7aa) Importer(815301076,1909f56bfc062723c751e8b465ee728b) (PreviewImporter) -> (artifact id: '39b9b0b79237456cbec4258776b6ea0c') in 0.0377656 seconds
Number of updated asset objects reloaded before import = 0Number of asset objects unloaded after import = 3

========================================================================
Received Import Request.
  Time since last request: 0.000027 seconds.
  path: Assets/Resources_Character/UI/Buttons/lil_roundframe.png
  artifactKey: Guid(e5aad997bde32f34cb3c6c7061480eb6) Importer(815301076,1909f56bfc062723c751e8b465ee728b)
Start importing Assets/Resources_Character/UI/Buttons/lil_roundframe.png using Guid(e5aad997bde32f34cb3c6c7061480eb6) Importer(815301076,1909f56bfc062723c751e8b465ee728b) (PreviewImporter) -> (artifact id: 'b21885dd183329c6fe69d40c269a3f14') in 0.0443374 seconds
Number of updated asset objects reloaded before import = 0Number of asset objects unloaded after import = 3

========================================================================
Received Import Request.
  Time since last request: 0.000039 seconds.
  path: Assets/Resources_Character/UI/Buttons/name_bar3.png
  artifactKey: Guid(b8884fefd1badbc408fbd732080c20fa) Importer(815301076,1909f56bfc062723c751e8b465ee728b)
Start importing Assets/Resources_Character/UI/Buttons/name_bar3.png using Guid(b8884fefd1badbc408fbd732080c20fa) Importer(815301076,1909f56bfc062723c751e8b465ee728b) (PreviewImporter) -> (artifact id: '79dc6787007011bfb2704f07a1b31962') in 0.0408596 seconds
Number of updated asset objects reloaded before import = 0Number of asset objects unloaded after import = 3

========================================================================
Received Import Request.
  Time since last request: 0.000037 seconds.
  path: Assets/Resources_Character/UI/Buttons/mid_background.png
  artifactKey: Guid(aec9f686a0203a244b65040eb6e02e75) Importer(815301076,1909f56bfc062723c751e8b465ee728b)
Start importing Assets/Resources_Character/UI/Buttons/mid_background.png using Guid(aec9f686a0203a244b65040eb6e02e75) Importer(815301076,1909f56bfc062723c751e8b465ee728b) (PreviewImporter) -> (artifact id: 'ca400a62c912834421f881fce67d5cb7') in 0.0382243 seconds
Number of updated asset objects reloaded before import = 0Number of asset objects unloaded after import = 3

========================================================================
Received Import Request.
  Time since last request: 0.000023 seconds.
  path: Assets/Resources_Character/UI/Buttons/big_roundframe.png
  artifactKey: Guid(26a3f9b514bcf7c48943f743381bab3f) Importer(815301076,1909f56bfc062723c751e8b465ee728b)
Start importing Assets/Resources_Character/UI/Buttons/big_roundframe.png using Guid(26a3f9b514bcf7c48943f743381bab3f) Importer(815301076,1909f56bfc062723c751e8b465ee728b) (PreviewImporter) -> (artifact id: '7c5848ee13913e0f6ef19c0bbe52096b') in 0.0422233 seconds
Number of updated asset objects reloaded before import = 0Number of asset objects unloaded after import = 3

========================================================================
Received Import Request.
  Time since last request: 8.502764 seconds.
  path: Assets/Resources_Character/Effects/SlashEffects/Prefab/Basic Slash Blue.prefab
  artifactKey: Guid(9a8284791a8851a49bc9da16b1440624) Importer(815301076,1909f56bfc062723c751e8b465ee728b)
Start importing Assets/Resources_Character/Effects/SlashEffects/Prefab/Basic Slash Blue.prefab using Guid(9a8284791a8851a49bc9da16b1440624) Importer(815301076,1909f56bfc062723c751e8b465ee728b) (PreviewImporter) -> (artifact id: '62c7e0a58fe4905be4db13ca7ec1e480') in 0.8732778 seconds
Number of updated asset objects reloaded before import = 0Number of asset objects unloaded after import = 23

========================================================================
Received Import Request.
  Time since last request: 0.000087 seconds.
  path: Assets/Resources_Character/Effects/SlashEffects/Textures/5-Slash M.png
  artifactKey: Guid(d1026f9b025973f4f9b1e445c46faf4e) Importer(815301076,1909f56bfc062723c751e8b465ee728b)
Start importing Assets/Resources_Character/Effects/SlashEffects/Textures/5-Slash M.png using Guid(d1026f9b025973f4f9b1e445c46faf4e) Importer(815301076,1909f56bfc062723c751e8b465ee728b) (PreviewImporter) -> (artifact id: '5bd7e4669466bd0a500a284c822425db') in 0.0441917 seconds
Number of updated asset objects reloaded before import = 0Number of asset objects unloaded after import = 2

========================================================================
Received Import Request.
  Time since last request: 0.000058 seconds.
  path: Assets/Resources_Character/Effects/SlashEffects/Prefab/Explosion Slash .prefab
  artifactKey: Guid(5630616069ed42d4ca6249a7d597961d) Importer(815301076,1909f56bfc062723c751e8b465ee728b)
Start importing Assets/Resources_Character/Effects/SlashEffects/Prefab/Explosion Slash .prefab using Guid(5630616069ed42d4ca6249a7d597961d) Importer(815301076,1909f56bfc062723c751e8b465ee728b) (PreviewImporter) -> (artifact id: '59c424998dbfcc5925f770ba3d94adf0') in 0.1583779 seconds
Number of updated asset objects reloaded before import = 0Number of asset objects unloaded after import = 33

========================================================================
Received Import Request.
  Time since last request: 0.000038 seconds.
  path: Assets/Resources_Character/Effects/SlashEffects/Textures/5-explosión.png
  artifactKey: Guid(232b4f5fe5a95b845947700e5ce1200a) Importer(815301076,1909f56bfc062723c751e8b465ee728b)
Start importing Assets/Resources_Character/Effects/SlashEffects/Textures/5-explosión.png using Guid(232b4f5fe5a95b845947700e5ce1200a) Importer(815301076,1909f56bfc062723c751e8b465ee728b) (PreviewImporter) -> (artifact id: '9dd6b0285f4532e74458b598552c6331') in 0.037244 seconds
Number of updated asset objects reloaded before import = 0Number of asset objects unloaded after import = 2

========================================================================
Received Import Request.
  Time since last request: 0.000059 seconds.
  path: Assets/Resources_Character/Effects/SlashEffects/Textures/5-Shockwave 2.png
  artifactKey: Guid(e58fcd36bdf6b8d44a574e7c4a336fb0) Importer(815301076,1909f56bfc062723c751e8b465ee728b)
Start importing Assets/Resources_Character/Effects/SlashEffects/Textures/5-Shockwave 2.png using Guid(e58fcd36bdf6b8d44a574e7c4a336fb0) Importer(815301076,1909f56bfc062723c751e8b465ee728b) (PreviewImporter) -> (artifact id: '9b76cb92a16d768692a071fef1623b3f') in 0.0357682 seconds
Number of updated asset objects reloaded before import = 0Number of asset objects unloaded after import = 2

========================================================================
Received Import Request.
  Time since last request: 0.000032 seconds.
  path: Assets/Resources_Character/Effects/SlashEffects/Textures/5-Light_Point.png
  artifactKey: Guid(14b555e32f7724341b10b6107bf08d25) Importer(815301076,1909f56bfc062723c751e8b465ee728b)
Start importing Assets/Resources_Character/Effects/SlashEffects/Textures/5-Light_Point.png using Guid(14b555e32f7724341b10b6107bf08d25) Importer(815301076,1909f56bfc062723c751e8b465ee728b) (PreviewImporter) -> (artifact id: '59c5ac5b2e2f8e2cc1f7c3a86f993878') in 0.0337473 seconds
Number of updated asset objects reloaded before import = 0Number of asset objects unloaded after import = 2

========================================================================
Received Import Request.
  Time since last request: 0.000035 seconds.
  path: Assets/Resources_Character/Effects/SlashEffects/Textures/5-Fire_.png
  artifactKey: Guid(f62bc749a19fe824fb610fd99b76c601) Importer(815301076,1909f56bfc062723c751e8b465ee728b)
Start importing Assets/Resources_Character/Effects/SlashEffects/Textures/5-Fire_.png using Guid(f62bc749a19fe824fb610fd99b76c601) Importer(815301076,1909f56bfc062723c751e8b465ee728b) (PreviewImporter) -> (artifact id: 'da7d1e73ecdf4a2a2202bc3991589ae0') in 0.0311865 seconds
Number of updated asset objects reloaded before import = 0Number of asset objects unloaded after import = 2

========================================================================
Received Import Request.
  Time since last request: 0.000043 seconds.
  path: Assets/Resources_Character/Effects/SlashEffects/Textures/5-Slash S turn.png
  artifactKey: Guid(df3327a328733f54e8e196f9016e1228) Importer(815301076,1909f56bfc062723c751e8b465ee728b)
Start importing Assets/Resources_Character/Effects/SlashEffects/Textures/5-Slash S turn.png using Guid(df3327a328733f54e8e196f9016e1228) Importer(815301076,1909f56bfc062723c751e8b465ee728b) (PreviewImporter) -> (artifact id: 'b51e6a78174c0caa61a5049fc7537551') in 0.027575 seconds
Number of updated asset objects reloaded before import = 0Number of asset objects unloaded after import = 2

========================================================================
Received Import Request.
  Time since last request: 62.573903 seconds.
  path: Assets/Travis Game Assets/Status Effects/Demo Scene/Textures/HitImpactEffects_RotationIcon.png
  artifactKey: Guid(b6f07674ead9bf948ad8585d8bd14fcc) Importer(815301076,1909f56bfc062723c751e8b465ee728b)
Start importing Assets/Travis Game Assets/Status Effects/Demo Scene/Textures/HitImpactEffects_RotationIcon.png using Guid(b6f07674ead9bf948ad8585d8bd14fcc) Importer(815301076,1909f56bfc062723c751e8b465ee728b) (PreviewImporter) -> (artifact id: 'f102623d374f6c49653c84c438f4d765') in 0.0406643 seconds
Number of updated asset objects reloaded before import = 0Number of asset objects unloaded after import = 3

========================================================================
Received Import Request.
  Time since last request: 0.000035 seconds.
  path: Assets/Travis Game Assets/Status Effects/Demo Scene/Textures/NextPrevArrow.png
  artifactKey: Guid(24139398538fce141848b8e6657d62f2) Importer(815301076,1909f56bfc062723c751e8b465ee728b)
Start importing Assets/Travis Game Assets/Status Effects/Demo Scene/Textures/NextPrevArrow.png using Guid(24139398538fce141848b8e6657d62f2) Importer(815301076,1909f56bfc062723c751e8b465ee728b) (PreviewImporter) -> (artifact id: 'b0d0493120285144ac74d769cdde6ccb') in 0.0385443 seconds
Number of updated asset objects reloaded before import = 0Number of asset objects unloaded after import = 3

========================================================================
Received Import Request.
  Time since last request: 0.000032 seconds.
  path: Assets/Resources_UI/Skill_Icons/skill_icon_01_nobg.png
  artifactKey: Guid(4dc051a0301cecb4aa1a85036ace2a58) Importer(815301076,1909f56bfc062723c751e8b465ee728b)
Start importing Assets/Resources_UI/Skill_Icons/skill_icon_01_nobg.png using Guid(4dc051a0301cecb4aa1a85036ace2a58) Importer(815301076,1909f56bfc062723c751e8b465ee728b) (PreviewImporter) -> (artifact id: '54521f6955956b522092cf66e931a657') in 0.0580833 seconds
Number of updated asset objects reloaded before import = 0Number of asset objects unloaded after import = 3

========================================================================
Received Import Request.
  Time since last request: 0.000054 seconds.
  path: Assets/Travis Game Assets/Status Effects/Demo Scene/Textures/StatusEffects_LightIcon.png
  artifactKey: Guid(29f4fa3b07af55c47aa5e0d763efe65b) Importer(815301076,1909f56bfc062723c751e8b465ee728b)
Start importing Assets/Travis Game Assets/Status Effects/Demo Scene/Textures/StatusEffects_LightIcon.png using Guid(29f4fa3b07af55c47aa5e0d763efe65b) Importer(815301076,1909f56bfc062723c751e8b465ee728b) (PreviewImporter) -> (artifact id: 'e9825bb7017bae5f6e1902ce3ecf142a') in 0.0373107 seconds
Number of updated asset objects reloaded before import = 0Number of asset objects unloaded after import = 3

========================================================================
Received Import Request.
  Time since last request: 0.000035 seconds.
  path: Assets/Resources_UI/Skill_Icons/skill_icon_03.png
  artifactKey: Guid(8a5f9829a049c704fa992203bfc451f2) Importer(815301076,1909f56bfc062723c751e8b465ee728b)
Start importing Assets/Resources_UI/Skill_Icons/skill_icon_03.png using Guid(8a5f9829a049c704fa992203bfc451f2) Importer(815301076,1909f56bfc062723c751e8b465ee728b) (PreviewImporter) -> (artifact id: 'ef78179620ce3a579c5cada93661b05c') in 0.0336077 seconds
Number of updated asset objects reloaded before import = 0Number of asset objects unloaded after import = 3

========================================================================
Received Import Request.
  Time since last request: 0.000040 seconds.
  path: Assets/Resources_UI/Skill_Icons/skill_icon_01.png
  artifactKey: Guid(2d089513ae4adfc48a683c362ad9992c) Importer(815301076,1909f56bfc062723c751e8b465ee728b)
Start importing Assets/Resources_UI/Skill_Icons/skill_icon_01.png using Guid(2d089513ae4adfc48a683c362ad9992c) Importer(815301076,1909f56bfc062723c751e8b465ee728b) (PreviewImporter) -> (artifact id: '268c6b60cfad4cb85c3802c08f4112d8') in 0.0347675 seconds
Number of updated asset objects reloaded before import = 0Number of asset objects unloaded after import = 3

========================================================================
Received Prepare
Begin MonoManager ReloadAssembly
- Loaded All Assemblies, in  1.399 seconds
Refreshing native plugins compatible for Editor in 2.97 ms, found 3 plugins.
Native extension for WindowsStandalone target not found
Native extension for WebGL target not found
Mono: successfully reloaded assembly
- Finished resetting the current domain, in  1.313 seconds
Domain Reload Profiling: 2702ms
	BeginReloadAssembly (393ms)
		ExecutionOrderSort (0ms)
		DisableScriptedObjects (33ms)
		BackupInstance (0ms)
		ReleaseScriptingObjects (0ms)
		CreateAndSetChildDomain (89ms)
	RebuildCommonClasses (53ms)
	RebuildNativeTypeToScriptingClass (24ms)
	initialDomainReloadingComplete (53ms)
	LoadAllAssembliesAndSetupDomain (865ms)
		LoadAssemblies (793ms)
		RebuildTransferFunctionScriptingTraits (0ms)
		AnalyzeDomain (269ms)
			TypeCache.Refresh (9ms)
				TypeCache.ScanAssembly (0ms)
			BuildScriptInfoCaches (237ms)
			ResolveRequiredComponents (17ms)
	FinalizeReload (1314ms)
		ReleaseScriptCaches (0ms)
		RebuildScriptCaches (0ms)
		SetupLoadedEditorAssemblies (1054ms)
			LogAssemblyErrors (0ms)
			InitializePlatformSupportModulesInManaged (3ms)
			SetLoadedEditorAssemblies (8ms)
			BeforeProcessingInitializeOnLoad (331ms)
			ProcessInitializeOnLoadAttributes (595ms)
			ProcessInitializeOnLoadMethodAttributes (97ms)
			AfterProcessingInitializeOnLoad (20ms)
			EditorAssembliesLoaded (0ms)
		ExecutionOrderSort2 (0ms)
		AwakeInstancesAfterBackupRestoration (36ms)
Refreshing native plugins compatible for Editor in 2.93 ms, found 3 plugins.
Preloading 0 native plugins for Editor in 0.00 ms.
Unloading 34 Unused Serialized files (Serialized files now loaded: 0)
Unloading 6156 unused Assets / (7.5 MB). Loaded Objects now: 6957.
Memory consumption went from 159.6 MB to 152.1 MB.
Total: 15.712500 ms (FindLiveObjects: 1.122600 ms CreateObjectMapping: 1.263800 ms MarkObjects: 6.732400 ms  DeleteObjects: 6.592000 ms)

Prepare: number of updated asset objects reloaded= 0
Editor requested this worker to shutdown with reason: Scaling down because of idle timeout
AssetImportWorker is now disconnected from the server
Process exiting
Exiting without the bug reporter. Application will terminate with return code 0